<?xml version="1.0" encoding="UTF-8"?>
<testsuite xmlns:xsi="http://www.w3.org/2001/XMLSchema-instance" xsi:schemaLocation="https://maven.apache.org/surefire/maven-surefire-plugin/xsd/surefire-test-report.xsd" name="edu.gmu.cs475.test.P2ReplicationTests" time="158.584" tests="10" errors="0" skipped="0" failures="10">
  <properties>
[...]
</properties>
  <testcase name="testReadWhileWritingDifferentKeysIsOK" classname="edu.gmu.cs475.test.P2ReplicationTests" time="16.044">
    <failure message="Expected setValue called with testReadWhileWritingDifferentKeysIsOK-key-1,testReadWhileWritingDifferentKeysIsOK-value-1,localhost:63400, but no call found" type="java.lang.AssertionError">java.lang.AssertionError: Expected setValue called with testReadWhileWritingDifferentKeysIsOK-key-1,testReadWhileWritingDifferentKeysIsOK-value-1,localhost:63400, but no call found
	at edu.gmu.cs475.test.P2ReplicationTests.testReadWhileWritingDifferentKeysIsOK(P2ReplicationTests.java:483)
</failure>
  </testcase>
  <testcase name="testWriteReadOneKVServer" classname="edu.gmu.cs475.test.P2ReplicationTests" time="5.065">
    <failure message="expected:&lt;testWriteReadOneKVServer-value-1&gt; but was:&lt;null&gt;" type="java.lang.AssertionError"><![CDATA[java.lang.AssertionError: expected:<testWriteReadOneKVServer-value-1> but was:<null>
	at edu.gmu.cs475.test.P2ReplicationTests.testWriteReadOneKVServer(P2ReplicationTests.java:35)
]]></failure>
  </testcase>
  <testcase name="testMutualExclusionWritingSameKey" classname="edu.gmu.cs475.test.P2ReplicationTests" time="15.225">
    <failure message="Expected setValue called with testMutualExclusionWritingSameKey-key-1,testMutualExclusionWritingSameKey-value-1,localhost:63431, but no call found" type="java.lang.AssertionError">java.lang.AssertionError: Expected setValue called with testMutualExclusionWritingSameKey-key-1,testMutualExclusionWritingSameKey-value-1,localhost:63431, but no call found
	at edu.gmu.cs475.test.P2ReplicationTests.testMutualExclusionWritingSameKey(P2ReplicationTests.java:329)
</failure>
  </testcase>
  <testcase name="testConcurrentServerReadsOK" classname="edu.gmu.cs475.test.P2ReplicationTests" time="15.334">
    <failure message="Expected setValue called with testConcurrentServerReadsOK-key-1,testConcurrentServerReadsOK-value-1,localhost:63459, but no call found" type="java.lang.AssertionError">java.lang.AssertionError: Expected setValue called with testConcurrentServerReadsOK-key-1,testConcurrentServerReadsOK-value-1,localhost:63459, but no call found
	at edu.gmu.cs475.test.P2ReplicationTests.testConcurrentServerReadsOK(P2ReplicationTests.java:539)
</failure>
  </testcase>
  <testcase name="testInvalidateIsOnlySentToRelevantClients" classname="edu.gmu.cs475.test.P2ReplicationTests" time="20.354">
    <failure message="Expected (6-7) getValue calls on client Leader (C1) [#0, localhost:63476], got[]" type="java.lang.AssertionError">java.lang.AssertionError: Expected (6-7) getValue calls on client Leader (C1) [#0, localhost:63476], got[]
	at edu.gmu.cs475.test.P2ReplicationTests.testInvalidateIsOnlySentToRelevantClients(P2ReplicationTests.java:185)
</failure>
  </testcase>
  <testcase name="testReadAndWriteBothCache" classname="edu.gmu.cs475.test.P2ReplicationTests" time="20.243">
    <failure message="Expected (6-7) getValue calls on client Leader (C1) [#0, localhost:63515], got[]" type="java.lang.AssertionError">java.lang.AssertionError: Expected (6-7) getValue calls on client Leader (C1) [#0, localhost:63515], got[]
	at edu.gmu.cs475.test.P2ReplicationTests.testReadAndWriteBothCache(P2ReplicationTests.java:106)
</failure>
  </testcase>
  <testcase name="testWriteInvalidatesCache" classname="edu.gmu.cs475.test.P2ReplicationTests" time="20.371">
    <failure message="Expected (6-7) getValue calls on client Leader (C1) [#0, localhost:63547], got[]" type="java.lang.AssertionError">java.lang.AssertionError: Expected (6-7) getValue calls on client Leader (C1) [#0, localhost:63547], got[]
	at edu.gmu.cs475.test.P2ReplicationTests.testWriteInvalidatesCache(P2ReplicationTests.java:148)
</failure>
  </testcase>
  <testcase name="testReadWhileWritingWaits" classname="edu.gmu.cs475.test.P2ReplicationTests" time="15.456">
    <failure message="Expected setValue called with testReadWhileWritingWaits-key-1,testReadWhileWritingWaits-value-1,localhost:63602, but no call found" type="java.lang.AssertionError">java.lang.AssertionError: Expected setValue called with testReadWhileWritingWaits-key-1,testReadWhileWritingWaits-value-1,localhost:63602, but no call found
	at edu.gmu.cs475.test.P2ReplicationTests.testReadWhileWritingWaits(P2ReplicationTests.java:409)
</failure>
  </testcase>
  <testcase name="testCanWriteDifferentKeysAtOnce" classname="edu.gmu.cs475.test.P2ReplicationTests" time="15.212">
    <failure message="Expected setValue called with testCanWriteDifferentKeysAtOnce-key-1,testCanWriteDifferentKeysAtOnce-value-1,localhost:63638, but no call found" type="java.lang.AssertionError">java.lang.AssertionError: Expected setValue called with testCanWriteDifferentKeysAtOnce-key-1,testCanWriteDifferentKeysAtOnce-value-1,localhost:63638, but no call found
	at edu.gmu.cs475.test.P2ReplicationTests.testCanWriteDifferentKeysAtOnce(P2ReplicationTests.java:239)
</failure>
  </testcase>
  <testcase name="testWriteOneClientReadAnother" classname="edu.gmu.cs475.test.P2ReplicationTests" time="15.214">
    <failure message="expected:&lt;testWriteOneClientReadAnother-value-1&gt; but was:&lt;null&gt;" type="java.lang.AssertionError"><![CDATA[java.lang.AssertionError: expected:<testWriteOneClientReadAnother-value-1> but was:<null>
	at edu.gmu.cs475.test.P2ReplicationTests.testWriteOneClientReadAnother(P2ReplicationTests.java:72)
]]></failure>
  </testcase>
</testsuite>